2014-01-22 11:36:20.704 HelloWorld[3276:80b] Multi-tasking -> Device: YES, App: YES
2014-01-22 11:36:20.715 HelloWorld[3276:80b] Unlimited access to network resources
2014-01-22 11:36:20.948 HelloWorld[3276:80b] Resetting plugins due to page load.
2014-01-22 11:36:21.111 HelloWorld[3276:80b] Finished load of: file:///Users/administrador/Library/Application%20Support/iPhone%20Simulator/7.0.3/Applications/FAB4E65B-C369-48A2-920E-6117948F4870/HelloWorld.app/www/index.html
2014-01-22 13:22:55.902 HelloWorld[4372:80b] Multi-tasking -> Device: YES, App: YES
2014-01-22 13:22:55.914 HelloWorld[4372:80b] Unlimited access to network resources
2014-01-22 13:22:56.145 HelloWorld[4372:80b] Resetting plugins due to page load.
2014-01-22 13:22:56.440 HelloWorld[4372:80b] Finished load of: file:///Users/administrador/Library/Application%20Support/iPhone%20Simulator/7.0.3/Applications/FAB4E65B-C369-48A2-920E-6117948F4870/HelloWorld.app/www/index.html
2014-01-22 13:23:06.893 HelloWorld[4372:80b] Resetting plugins due to page load.
2014-01-22 13:23:06.936 HelloWorld[4372:80b] Finished load of: file:///Users/administrador/Library/Application%20Support/iPhone%20Simulator/7.0.3/Applications/FAB4E65B-C369-48A2-920E-6117948F4870/HelloWorld.app/www/cfg.html
2014-01-22 13:23:34.791 HelloWorld[4372:80b] Resetting plugins due to page load.
2014-01-22 13:23:34.846 HelloWorld[4372:80b] Finished load of: file:///Users/administrador/Library/Application%20Support/iPhone%20Simulator/7.0.3/Applications/FAB4E65B-C369-48A2-920E-6117948F4870/HelloWorld.app/www/index.html
2014-01-22 13:23:37.511 HelloWorld[4372:80b] Resetting plugins due to page load.
2014-01-22 13:23:37.553 HelloWorld[4372:80b] Finished load of: file:///Users/administrador/Library/Application%20Support/iPhone%20Simulator/7.0.3/Applications/FAB4E65B-C369-48A2-920E-6117948F4870/HelloWorld.app/www/cfg.html
2014-01-22 13:25:28.976 HelloWorld[4372:80b] Resetting plugins due to page load.
2014-01-22 13:25:29.000 HelloWorld[4372:80b] Finished load of: file:///Users/administrador/Library/Application%20Support/iPhone%20Simulator/7.0.3/Applications/FAB4E65B-C369-48A2-920E-6117948F4870/HelloWorld.app/www/index.html
2014-01-22 13:25:35.575 HelloWorld[4372:80b] Resetting plugins due to page load.
2014-01-22 13:25:35.605 HelloWorld[4372:80b] Finished load of: file:///Users/administrador/Library/Application%20Support/iPhone%20Simulator/7.0.3/Applications/FAB4E65B-C369-48A2-920E-6117948F4870/HelloWorld.app/www/cfg.html
2014-01-22 13:38:39.768 HelloWorld[5027:80b] Multi-tasking -> Device: YES, App: YES
2014-01-22 13:38:39.777 HelloWorld[5027:80b] Unlimited access to network resources
2014-01-22 13:38:40.011 HelloWorld[5027:80b] Resetting plugins due to page load.
2014-01-22 13:38:40.166 HelloWorld[5027:80b] Finished load of: file:///Users/administrador/Library/Application%20Support/iPhone%20Simulator/7.0.3/Applications/FAB4E65B-C369-48A2-920E-6117948F4870/HelloWorld.app/www/index.html
2014-01-22 13:38:47.427 HelloWorld[5027:80b] Resetting plugins due to page load.
2014-01-22 13:38:47.459 HelloWorld[5027:80b] Finished load of: file:///Users/administrador/Library/Application%20Support/iPhone%20Simulator/7.0.3/Applications/FAB4E65B-C369-48A2-920E-6117948F4870/HelloWorld.app/www/cfg.html
2014-01-22 13:38:55.759 HelloWorld[5027:80b] Resetting plugins due to page load.
2014-01-22 13:38:55.782 HelloWorld[5027:80b] Finished load of: file:///Users/administrador/Library/Application%20Support/iPhone%20Simulator/7.0.3/Applications/FAB4E65B-C369-48A2-920E-6117948F4870/HelloWorld.app/www/index.html
2014-01-22 13:40:49.652 HelloWorld[5027:80b] Resetting plugins due to page load.
2014-01-22 13:40:49.684 HelloWorld[5027:80b] Finished load of: file:///Users/administrador/Library/Application%20Support/iPhone%20Simulator/7.0.3/Applications/FAB4E65B-C369-48A2-920E-6117948F4870/HelloWorld.app/www/cfg.html
2014-01-22 13:47:42.884 HelloWorld[5662:80b] Multi-tasking -> Device: YES, App: YES
2014-01-22 13:47:42.894 HelloWorld[5662:80b] Unlimited access to network resources
2014-01-22 13:47:43.114 HelloWorld[5662:80b] Resetting plugins due to page load.
2014-01-22 13:47:43.280 HelloWorld[5662:80b] Finished load of: file:///Users/administrador/Library/Application%20Support/iPhone%20Simulator/7.0.3/Applications/FAB4E65B-C369-48A2-920E-6117948F4870/HelloWorld.app/www/index.html
2014-01-22 13:47:49.602 HelloWorld[5662:80b] Resetting plugins due to page load.
2014-01-22 13:47:49.632 HelloWorld[5662:80b] Finished load of: file:///Users/administrador/Library/Application%20Support/iPhone%20Simulator/7.0.3/Applications/FAB4E65B-C369-48A2-920E-6117948F4870/HelloWorld.app/www/cfg.html
2014-01-22 13:53:26.784 HelloWorld[5662:80b] Resetting plugins due to page load.
2014-01-22 13:53:26.808 HelloWorld[5662:80b] Finished load of: file:///Users/administrador/Library/Application%20Support/iPhone%20Simulator/7.0.3/Applications/FAB4E65B-C369-48A2-920E-6117948F4870/HelloWorld.app/www/index.html
